<?xml version="1.0" encoding="UTF-8"?>
<testng-results ignored="2" total="5" passed="2" failed="1" skipped="0">
  <reporter-output>
  </reporter-output>
  <suite started-at="2022-03-23T14:28:57 PDT" name="Smoke Suite" finished-at="2022-03-23T14:29:32 PDT" duration-ms="35076">
    <groups>
      <group name="regression">
        <method signature="LoginTest.testLoginEmptyUsername()[pri:0, instance:com.hrm.testcases.LoginTest@568bf312]" name="testLoginEmptyUsername" class="com.hrm.testcases.LoginTest"/>
        <method signature="LoginTest.testLoginInvalidPassword()[pri:0, instance:com.hrm.testcases.LoginTest@568bf312]" name="testLoginInvalidPassword" class="com.hrm.testcases.LoginTest"/>
      </group> <!-- regression -->
      <group name="smoke">
        <method signature="LoginTest.testLoginAdminUser()[pri:0, instance:com.hrm.testcases.LoginTest@568bf312]" name="testLoginAdminUser" class="com.hrm.testcases.LoginTest"/>
        <method signature="LoginTest.testLoginEmptyUsername()[pri:0, instance:com.hrm.testcases.LoginTest@568bf312]" name="testLoginEmptyUsername" class="com.hrm.testcases.LoginTest"/>
        <method signature="LoginTest.testLoginInvalidPassword()[pri:0, instance:com.hrm.testcases.LoginTest@568bf312]" name="testLoginInvalidPassword" class="com.hrm.testcases.LoginTest"/>
      </group> <!-- smoke -->
    </groups>
    <test started-at="2022-03-23T14:28:57 PDT" name="Smoke Tests" finished-at="2022-03-23T14:29:32 PDT" duration-ms="35076">
      <class name="com.hrm.testcases.LoginTest">
        <test-method is-config="true" signature="setUp()[pri:0, instance:com.hrm.testcases.LoginTest@568bf312]" started-at="2022-03-23T14:28:57 PDT" name="setUp" finished-at="2022-03-23T14:29:00 PDT" duration-ms="2599" status="PASS">
          <reporter-output>
          </reporter-output>
        </test-method> <!-- setUp -->
        <test-method signature="testLoginAdminUser()[pri:0, instance:com.hrm.testcases.LoginTest@568bf312]" started-at="2022-03-23T14:29:00 PDT" name="testLoginAdminUser" finished-at="2022-03-23T14:29:02 PDT" duration-ms="2315" status="FAIL">
          <exception class="java.lang.AssertionError">
            <message>
              <![CDATA[Logged in user is NOT Admin expected [Welcome Admin] but found [Welcome Paul]]]>
            </message>
            <full-stacktrace>
              <![CDATA[java.lang.AssertionError: Logged in user is NOT Admin expected [Welcome Admin] but found [Welcome Paul]
at org.testng.Assert.fail(Assert.java:110)
at org.testng.Assert.failNotEquals(Assert.java:1413)
at org.testng.Assert.assertEqualsImpl(Assert.java:149)
at org.testng.Assert.assertEquals(Assert.java:131)
at org.testng.Assert.assertEquals(Assert.java:655)
at com.hrm.testcases.LoginTest.testLoginAdminUser(LoginTest.java:21)
at java.base/jdk.internal.reflect.NativeMethodAccessorImpl.invoke0(Native Method)
at java.base/jdk.internal.reflect.NativeMethodAccessorImpl.invoke(NativeMethodAccessorImpl.java:77)
at java.base/jdk.internal.reflect.DelegatingMethodAccessorImpl.invoke(DelegatingMethodAccessorImpl.java:43)
at java.base/java.lang.reflect.Method.invoke(Method.java:568)
at org.testng.internal.invokers.MethodInvocationHelper.invokeMethod(MethodInvocationHelper.java:135)
at org.testng.internal.invokers.TestInvoker.invokeMethod(TestInvoker.java:673)
at org.testng.internal.invokers.TestInvoker.invokeTestMethod(TestInvoker.java:220)
at org.testng.internal.invokers.MethodRunner.runInSequence(MethodRunner.java:50)
at org.testng.internal.invokers.TestInvoker$MethodInvocationAgent.invoke(TestInvoker.java:945)
at org.testng.internal.invokers.TestInvoker.invokeTestMethods(TestInvoker.java:193)
at org.testng.internal.invokers.TestMethodWorker.invokeTestMethods(TestMethodWorker.java:146)
at org.testng.internal.invokers.TestMethodWorker.run(TestMethodWorker.java:128)
at java.base/java.util.ArrayList.forEach(ArrayList.java:1511)
at org.testng.TestRunner.privateRun(TestRunner.java:808)
at org.testng.TestRunner.run(TestRunner.java:603)
at org.testng.SuiteRunner.runTest(SuiteRunner.java:429)
at org.testng.SuiteRunner.runSequentially(SuiteRunner.java:423)
at org.testng.SuiteRunner.privateRun(SuiteRunner.java:383)
at org.testng.SuiteRunner.run(SuiteRunner.java:326)
at org.testng.SuiteRunnerWorker.runSuite(SuiteRunnerWorker.java:52)
at org.testng.SuiteRunnerWorker.run(SuiteRunnerWorker.java:95)
at org.testng.TestNG.runSuitesSequentially(TestNG.java:1249)
at org.testng.TestNG.runSuitesLocally(TestNG.java:1169)
at org.testng.TestNG.runSuites(TestNG.java:1092)
at org.testng.TestNG.run(TestNG.java:1060)
at com.intellij.rt.testng.IDEARemoteTestNG.run(IDEARemoteTestNG.java:66)
at com.intellij.rt.testng.RemoteTestNGStarter.main(RemoteTestNGStarter.java:109)
]]>
            </full-stacktrace>
          </exception> <!-- java.lang.AssertionError -->
          <reporter-output>
          </reporter-output>
        </test-method> <!-- testLoginAdminUser -->
        <test-method is-config="true" signature="tearDown()[pri:0, instance:com.hrm.testcases.LoginTest@568bf312]" started-at="2022-03-23T14:29:02 PDT" name="tearDown" finished-at="2022-03-23T14:29:04 PDT" duration-ms="1115" status="PASS">
          <reporter-output>
          </reporter-output>
        </test-method> <!-- tearDown -->
        <test-method is-config="true" signature="setUp()[pri:0, instance:com.hrm.testcases.LoginTest@568bf312]" started-at="2022-03-23T14:29:04 PDT" name="setUp" finished-at="2022-03-23T14:29:06 PDT" duration-ms="2035" status="PASS">
          <reporter-output>
          </reporter-output>
        </test-method> <!-- setUp -->
        <test-method signature="testLoginEmptyUsername()[pri:0, instance:com.hrm.testcases.LoginTest@568bf312]" started-at="2022-03-23T14:29:06 PDT" name="testLoginEmptyUsername" finished-at="2022-03-23T14:29:06 PDT" duration-ms="102" status="PASS">
          <reporter-output>
          </reporter-output>
        </test-method> <!-- testLoginEmptyUsername -->
        <test-method is-config="true" signature="tearDown()[pri:0, instance:com.hrm.testcases.LoginTest@568bf312]" started-at="2022-03-23T14:29:26 PDT" name="tearDown" finished-at="2022-03-23T14:29:27 PDT" duration-ms="1114" status="PASS">
          <reporter-output>
          </reporter-output>
        </test-method> <!-- tearDown -->
        <test-method is-config="true" signature="setUp()[pri:0, instance:com.hrm.testcases.LoginTest@568bf312]" started-at="2022-03-23T14:29:27 PDT" name="setUp" finished-at="2022-03-23T14:29:29 PDT" duration-ms="2101" status="PASS">
          <reporter-output>
          </reporter-output>
        </test-method> <!-- setUp -->
        <test-method signature="testLoginInvalidPassword()[pri:0, instance:com.hrm.testcases.LoginTest@568bf312]" started-at="2022-03-23T14:29:29 PDT" name="testLoginInvalidPassword" finished-at="2022-03-23T14:29:31 PDT" duration-ms="1335" status="PASS">
          <reporter-output>
          </reporter-output>
        </test-method> <!-- testLoginInvalidPassword -->
        <test-method is-config="true" signature="tearDown()[pri:0, instance:com.hrm.testcases.LoginTest@568bf312]" started-at="2022-03-23T14:29:31 PDT" name="tearDown" finished-at="2022-03-23T14:29:32 PDT" duration-ms="1114" status="PASS">
          <reporter-output>
          </reporter-output>
        </test-method> <!-- tearDown -->
      </class> <!-- com.hrm.testcases.LoginTest -->
    </test> <!-- Smoke Tests -->
  </suite> <!-- Smoke Suite -->
</testng-results>
